14:52:39.104 [main] INFO  Academy.validatTitle - EmailID is sent
14:52:39.312 [main] INFO  Academy.validatTitle - Password is sent
14:52:39.612 [main] INFO  Academy.validatTitle - Clicked Login
14:52:48.251 [main] INFO  Academy.validatTitle - Driver is initialized
14:52:55.600 [main] INFO  Academy.validatTitle - Login is clicked
14:52:55.698 [main] INFO  Academy.validatTitle - EmailID is sent
14:52:55.801 [main] INFO  Academy.validatTitle - Password is sent
14:52:56.301 [main] INFO  Academy.validatTitle - Clicked Login
15:11:08.335 [main] INFO  Academy.validatTitle - Driver is initialized
15:18:03.126 [main] INFO  Academy.validatTitle - Driver is initialized
15:25:36.382 [main] INFO  Academy.validatTitle - Driver is initialized
15:25:47.272 [main] INFO  Academy.validatTitle - Driver is initialized
15:25:59.551 [main] INFO  Academy.validatTitle - Login is clicked
15:25:59.659 [main] INFO  Academy.validatTitle - EmailID is sent
15:25:59.755 [main] INFO  Academy.validatTitle - Password is sent
15:25:59.876 [main] INFO  Academy.validatTitle - Clicked Login
15:26:01.079 [main] INFO  Academy.validatTitle - Driver is initialized
15:26:04.840 [main] INFO  Academy.validatTitle - Login is clicked
15:26:04.968 [main] INFO  Academy.validatTitle - EmailID is sent
15:26:05.065 [main] INFO  Academy.validatTitle - Password is sent
15:26:05.169 [main] INFO  Academy.validatTitle - Clicked Login
12:05:44.031 [main] INFO  Academy.validatTitle - Driver is initialized
